<?xml version="1.0" encoding="UTF-8"?>
<!-- Generated by org.testng.reporters.JUnitReportReporter -->
<testsuite hostname="Suryaprakashs-MacBook-Pro.local" failures="0" tests="5" name="com.backend.sql.HospitalControllerTest" time="2.583" errors="0" timestamp="2022-12-17T12:27:39 IST" skipped="0">
  <testcase classname="com.backend.sql.HospitalControllerTest" name="postpatient" time="0.514"/>
  <system-out/>
  <testcase classname="com.backend.sql.HospitalControllerTest" name="getAllpatient" time="0.515"/>
  <system-out/>
  <testcase classname="com.backend.sql.HospitalControllerTest" name="update" time="0.517"/>
  <system-out/>
  <testcase classname="com.backend.sql.HospitalControllerTest" name="getOnepatient" time="0.518"/>
  <system-out/>
  <testcase classname="com.backend.sql.HospitalControllerTest" name="detuser" time="0.519"/>
  <system-out/>
</testsuite> <!-- com.backend.sql.HospitalControllerTest -->
